<?xml version="1.0" encoding="UTF-8"?>
<testng-results ignored="0" total="2" passed="2" failed="0" skipped="0">
  <reporter-output>
  </reporter-output>
  <suite started-at="2023-07-30T00:37:42 IST" name="Suite" finished-at="2023-07-30T00:38:06 IST" duration-ms="23598">
    <groups>
      <group name="Master">
        <method signature="TC_001_AccountRigistrationTest.AccountRegistrationTest()[pri:0, instance:testCases.TC_001_AccountRigistrationTest@548d708a]" name="AccountRegistrationTest" class="testCases.TC_001_AccountRigistrationTest"/>
        <method signature="TC_002_LoginTest.testlogin()[pri:0, instance:testCases.TC_002_LoginTest@350aac89]" name="testlogin" class="testCases.TC_002_LoginTest"/>
      </group> <!-- Master -->
      <group name="Sanity">
        <method signature="TC_002_LoginTest.testlogin()[pri:0, instance:testCases.TC_002_LoginTest@350aac89]" name="testlogin" class="testCases.TC_002_LoginTest"/>
      </group> <!-- Sanity -->
      <group name="Regression">
        <method signature="TC_001_AccountRigistrationTest.AccountRegistrationTest()[pri:0, instance:testCases.TC_001_AccountRigistrationTest@548d708a]" name="AccountRegistrationTest" class="testCases.TC_001_AccountRigistrationTest"/>
      </group> <!-- Regression -->
    </groups>
    <test started-at="2023-07-30T00:37:42 IST" name="Test" finished-at="2023-07-30T00:38:06 IST" duration-ms="23598">
      <class name="testCases.TC_002_LoginTest">
        <test-method is-config="true" signature="setup(java.lang.String)[pri:0, instance:testCases.TC_002_LoginTest@350aac89]" started-at="2023-07-30T00:37:58 IST" name="setup" finished-at="2023-07-30T00:38:04 IST" duration-ms="6209" status="PASS">
          <params>
            <param index="0">
              <value>
                <![CDATA[CHROME]]>
              </value>
            </param>
          </params>
          <reporter-output>
          </reporter-output>
        </test-method> <!-- setup -->
        <test-method signature="testlogin()[pri:0, instance:testCases.TC_002_LoginTest@350aac89]" started-at="2023-07-30T00:38:04 IST" name="testlogin" finished-at="2023-07-30T00:38:06 IST" duration-ms="1718" status="PASS">
          <reporter-output>
          </reporter-output>
        </test-method> <!-- testlogin -->
        <test-method is-config="true" signature="close()[pri:0, instance:testCases.TC_002_LoginTest@350aac89]" started-at="2023-07-30T00:38:06 IST" name="close" finished-at="2023-07-30T00:38:06 IST" duration-ms="210" status="PASS">
          <reporter-output>
          </reporter-output>
        </test-method> <!-- close -->
      </class> <!-- testCases.TC_002_LoginTest -->
      <class name="testCases.TC_001_AccountRigistrationTest">
        <test-method is-config="true" signature="setup(java.lang.String)[pri:0, instance:testCases.TC_001_AccountRigistrationTest@548d708a]" started-at="2023-07-30T00:37:43 IST" name="setup" finished-at="2023-07-30T00:37:51 IST" duration-ms="8041" status="PASS">
          <params>
            <param index="0">
              <value>
                <![CDATA[CHROME]]>
              </value>
            </param>
          </params>
          <reporter-output>
          </reporter-output>
        </test-method> <!-- setup -->
        <test-method signature="AccountRegistrationTest()[pri:0, instance:testCases.TC_001_AccountRigistrationTest@548d708a]" started-at="2023-07-30T00:37:51 IST" name="AccountRegistrationTest" finished-at="2023-07-30T00:37:57 IST" duration-ms="6573" status="PASS">
          <reporter-output>
          </reporter-output>
        </test-method> <!-- AccountRegistrationTest -->
        <test-method is-config="true" signature="close()[pri:0, instance:testCases.TC_001_AccountRigistrationTest@548d708a]" started-at="2023-07-30T00:37:57 IST" name="close" finished-at="2023-07-30T00:37:58 IST" duration-ms="434" status="PASS">
          <reporter-output>
          </reporter-output>
        </test-method> <!-- close -->
      </class> <!-- testCases.TC_001_AccountRigistrationTest -->
    </test> <!-- Test -->
  </suite> <!-- Suite -->
</testng-results>
